<?xml version="1.0" encoding="UTF-8"?>
<!-- Generated by org.testng.reporters.JUnitReportReporter -->
<testsuite hostname="DESKTOP-H9AB4PT" failures="0" tests="1" name="practice.LeadTest" time="0.010" errors="0" timestamp="2023-09-30T12:12:23 IST" skipped="0">
  <testcase classname="practice.LeadTest" name="homeTest" time="0.010"/>
  <system-out/>
</testsuite> <!-- practice.LeadTest -->
